Removed Pin From Net: NetName=MAX30003_INT2 Pin=U1-38
Removed Pin From Net: NetName=MAX30003_INT1 Pin=U1-39
Removed Member From Class: ClassName=LP_ECG_Power-X01 Member=C2
Removed Member From Class: ClassName=LP_ECG_Power-X01 Member=C45
Removed Member From Class: ClassName=LP_ECG_ECG-X01 Member=U7
Added Component: Designator=C10(C0603)
Add component (AddParameter): Name = "Capacitance"; Value = "100nF"; VariantName = "[No Variations]"
Add component (AddParameter): Name = "Case Code (Imperial)"; Value = "0402"; VariantName = "[No Variations]"
Add component (AddParameter): Name = "Case Code (Metric)"; Value = "1005"; VariantName = "[No Variations]"
Add component (AddParameter): Name = "Case/Package"; Value = "0402"; VariantName = "[No Variations]"
Add component (AddParameter): Name = "Category"; Value = "Ceramic Capacitors"; VariantName = "[No Variations]"
Add component (AddParameter): Name = "ComponentLink1Description"; Value = "https://datasheet.ciiva.com/169/product-169683.pdf"; VariantName = "[No Variations]"
Add component (AddParameter): Name = "ComponentLink1URL"; Value = "https://datasheet.ciiva.com/169/product-169683.pdf"; VariantName = "[No Variations]"
Add component (AddParameter): Name = "ComponentLink2Description"; Value = "https://datasheet.ciiva.com:443/pdfs/VipMasterIC/IC/YAGO/YAGO-S-A0004841839/YAGO-S-A0004841839-1.pdf?src-supplier=IHS+Markit"; VariantName = "[No Variations]"
Add component (AddParameter): Name = "ComponentLink2URL"; Value = "https://datasheet.ciiva.com:443/pdfs/VipMasterIC/IC/YAGO/YAGO-S-A0004841839/YAGO-S-A0004841839-1.pdf?src-supplier=IHS+Markit"; VariantName = "[No Variations]"
Add component (AddParameter): Name = "ComponentLink3Description"; Value = "https://datasheet.ciiva.com/144/mlccorderingcode-144022.pdf?src-supplier=Digi-Key"; VariantName = "[No Variations]"
Add component (AddParameter): Name = "ComponentLink3URL"; Value = "https://datasheet.ciiva.com/144/mlccorderingcode-144022.pdf?src-supplier=Digi-Key"; VariantName = "[No Variations]"
Add component (AddParameter): Name = "ComponentLink4Description"; Value = "https://datasheet.ciiva.com/144/mlccorderingcode-144023.pdf?src-supplier=Digi-Key"; VariantName = "[No Variations]"
Add component (AddParameter): Name = "ComponentLink4URL"; Value = "https://datasheet.ciiva.com/144/mlccorderingcode-144023.pdf?src-supplier=Digi-Key"; VariantName = "[No Variations]"
Add component (AddParameter): Name = "ComponentLink5Description"; Value = "https://datasheet.ciiva.com/144/mlccorderingcode-144024.pdf?src-supplier=Digi-Key"; VariantName = "[No Variations]"
Add component (AddParameter): Name = "ComponentLink5URL"; Value = "https://datasheet.ciiva.com/144/mlccorderingcode-144024.pdf?src-supplier=Digi-Key"; VariantName = "[No Variations]"
Add component (AddParameter): Name = "ComponentLink6Description"; Value = "https://datasheet.ciiva.com/7978/1132289-7978124.pdf?src-supplier=Element14"; VariantName = "[No Variations]"
Add component (AddParameter): Name = "ComponentLink6URL"; Value = "https://datasheet.ciiva.com/7978/1132289-7978124.pdf?src-supplier=Element14"; VariantName = "[No Variations]"
Add component (AddParameter): Name = "ComponentLink7Description"; Value = "https://datasheet.ciiva.com/11586/upy-gphc-y5v-6-3v-to-50v-5-11586526.pdf?src-supplier=Avnet"; VariantName = "[No Variations]"
Add component (AddParameter): Name = "ComponentLink7URL"; Value = "https://datasheet.ciiva.com/11586/upy-gphc-y5v-6-3v-to-50v-5-11586526.pdf?src-supplier=Avnet"; VariantName = "[No Variations]"
Add component (AddParameter): Name = "ComponentLink8Description"; Value = "https://datasheet.ciiva.com/17437/upy-gphc-y5v-6-3v-to-50v-5-17437230.pdf?src-supplier=Avnet+Europe"; VariantName = "[No Variations]"
Add component (AddParameter): Name = "ComponentLink8URL"; Value = "https://datasheet.ciiva.com/17437/upy-gphc-y5v-6-3v-to-50v-5-17437230.pdf?src-supplier=Avnet+Europe"; VariantName = "[No Variations]"
Add component (AddParameter): Name = "Composition"; Value = "Ceramic"; VariantName = "[No Variations]"
Add component (AddParameter): Name = "Depth"; Value = "0.5mm"; VariantName = "[No Variations]"
Add component (AddParameter): Name = "Dielectric"; Value = "Y5V"; VariantName = "[No Variations]"
Add component (AddParameter): Name = "Dissipation Factor"; Value = "12.5%"; VariantName = "[No Variations]"
Add component (AddParameter): Name = "Halogen Free"; Value = "Halogen Free"; VariantName = "[No Variations]"
Add component (AddParameter): Name = "Height"; Value = "0.5mm"; VariantName = "[No Variations]"
Add component (AddParameter): Name = "Insulation Resistance"; Value = "10GR"; VariantName = "[No Variations]"
Add component (AddParameter): Name = "Lead Free"; Value = "Lead Free"; VariantName = "[No Variations]"
Add component (AddParameter): Name = "Length"; Value = "1mm"; VariantName = "[No Variations]"
Add component (AddParameter): Name = "Manufacturer"; Value = "Yageo"; VariantName = "[No Variations]"
Add component (AddParameter): Name = "Manufacturer Part Number"; Value = "CC0402ZRY5V8BB104"; VariantName = "[No Variations]"
Add component (AddParameter): Name = "Max Operating Temperature"; Value = "85°C"; VariantName = "[No Variations]"
Add component (AddParameter): Name = "Min Operating Temperature"; Value = "-30°C"; VariantName = "[No Variations]"
Add component (AddParameter): Name = "Mount"; Value = "Surface Mount"; VariantName = "[No Variations]"
Add component (AddParameter): Name = "Number of Pins"; Value = "2"; VariantName = "[No Variations]"
Add component (AddParameter): Name = "Package Quantity"; Value = "1"; VariantName = "[No Variations]"
Add component (AddParameter): Name = "Packaging"; Value = "Tape and Reel"; VariantName = "[No Variations]"
Add component (AddParameter): Name = "Pricing 1"; Value = "1=0.10000, 10=0.03200, 100=0.01440, 500=0.01028, 1000=0.00808, 2500=0.00734, 5000=0.00676 (USD)"; VariantName = "[No Variations]"
Add component (AddParameter): Name = "Radiation Hardening"; Value = "No"; VariantName = "[No Variations]"
Add component (AddParameter): Name = "REACH SVHC"; Value = "Unknown"; VariantName = "[No Variations]"
Add component (AddParameter): Name = "RoHS"; Value = "Yes"; VariantName = "[No Variations]"
Add component (AddParameter): Name = "Stock 1"; Value = "3200380"; VariantName = "[No Variations]"
Add component (AddParameter): Name = "Supplier 1"; Value = "Digi-Key"; VariantName = "[No Variations]"
Add component (AddParameter): Name = "Supplier Part Number 1"; Value = "311-1375-1-ND"; VariantName = "[No Variations]"
Add component (AddParameter): Name = "Termination"; Value = "SMD/SMT"; VariantName = "[No Variations]"
Add component (AddParameter): Name = "Thickness"; Value = "0.022inch"; VariantName = "[No Variations]"
Add component (AddParameter): Name = "Tolerance"; Value = "80%"; VariantName = "[No Variations]"
Add component (AddParameter): Name = "Voltage Rating"; Value = "25V"; VariantName = "[No Variations]"
Add component (AddParameter): Name = "Voltage Rating (DC)"; Value = "25V"; VariantName = "[No Variations]"
Add component (AddParameter): Name = "Weight"; Value = "2.3E-05oz"; VariantName = "[No Variations]"
Add component (AddParameter): Name = "Width"; Value = "0.02inch"; VariantName = "[No Variations]"
Added Pin To Net: NetName=GND Pin=C10-1
Added Pin To Net: NetName=VCC Pin=C10-2
Added Pin To Net: NetName=MAX30003_INT1 Pin=U1-8
Added Pin To Net: NetName=MAX30003_INT2 Pin=U1-9
Added Member To Class: ClassName=LP_ECG_Main-X01 Member=Component C1 14pF
Added Member To Class: ClassName=LP_ECG_Main-X01 Member=Component C3 12pF
Added Member To Class: ClassName=LP_ECG_Main-X01 Member=Component C4 12pF
Added Member To Class: ClassName=LP_ECG_Main-X01 Member=Component C5 100nF
Added Member To Class: ClassName=LP_ECG_Main-X01 Member=Component C6 100pF
Added Member To Class: ClassName=LP_ECG_Main-X01 Member=Component C7 100pF
Added Member To Class: ClassName=LP_ECG_Main-X01 Member=Component C8 1uF
Added Member To Class: ClassName=LP_ECG_Main-X01 Member=Component C9 4.7uF
Added Member To Class: ClassName=LP_ECG_Main-X01 Member=Component C10 100nF
Added Member To Class: ClassName=LP_ECG_Main-X01 Member=Component C11 0.5pF
Added Member To Class: ClassName=LP_ECG_Main-X01 Member=Component C12 2pF
Added Member To Class: ClassName=LP_ECG_Power-X01 Member=Component C18 4.7uF
Added Member To Class: ClassName=LP_ECG_Power-X01 Member=Component C19 1uF
Added Member To Class: ClassName=LP_ECG_Power-X01 Member=Component C20 100nF
Added Member To Class: ClassName=LP_ECG_Power-X01 Member=Component C34 1uF
Added Member To Class: ClassName=LP_ECG_Power-X01 Member=Component C35 100nF
Added Member To Class: ClassName=LP_ECG_Power-X01 Member=Component C36 1uF
Added Member To Class: ClassName=LP_ECG_Power-X01 Member=Component C37 100nF
Added Member To Class: ClassName=LP_ECG_ECG-X01 Member=Component C40 15pF
Added Member To Class: ClassName=LP_ECG_ECG-X01 Member=Component C47 10uF
Added Member To Class: ClassName=LP_ECG_ECG-X01 Member=Component C48 1nF
Added Member To Class: ClassName=LP_ECG_ECG-X01 Member=Component C50 10uF
Added Member To Class: ClassName=LP_ECG_ECG-X01 Member=Component C53 10uF
Added Member To Class: ClassName=LP_ECG_ECG-X01 Member=Component C54 10pF
Added Member To Class: ClassName=LP_ECG_ECG-X01 Member=Component C55 1uF
Added Member To Class: ClassName=LP_ECG_Main-X01 Member=Component D1 Orange
Added Member To Class: ClassName=LP_ECG_Main-X01 Member=Component L1 15nH
Added Member To Class: ClassName=LP_ECG_Main-X01 Member=Component L3 9nH
Added Member To Class: ClassName=LP_ECG_Main-X01 Member=Component R1 10kR
Added Member To Class: ClassName=LP_ECG_Main-X01 Member=Component R2 422R
Added Member To Class: ClassName=LP_ECG_Power-X01 Member=Component R10 AC0402FR-071ML
Added Member To Class: ClassName=LP_ECG_Power-X01 Member=Component R11 AC0402FR-071ML
Added Member To Class: ClassName=LP_ECG_Power-X01 Member=Component R12 10kR
Added Member To Class: ClassName=LP_ECG_Power-X01 Member=Component R13 10kR
Added Member To Class: ClassName=LP_ECG_Power-X01 Member=Component R14 3.3kR
Added Member To Class: ClassName=LP_ECG_ECG-X01 Member=Component TP6 JUMPER
Added Member To Class: ClassName=LP_ECG_Power-X01 Member=Component U2 ADP160
Added Member To Class: ClassName=LP_ECG_Power-X01 Member=Component U4 DRV5032FBDBZR
Added Member To Class: ClassName=LP_ECG_Power-X01 Member=Component U5 SN74LVC1G57DBVR
Added Member To Class: ClassName=LP_ECG_ECG-X01 Member=Component U9 TMP117AIDRVR
Added Member To Class: ClassName=LP_ECG_ECG-X01 Member=Component U11 MAX30003CTI+
Added Member To Class: ClassName=LP_ECG_Main-X01 Member=Component X2 32MHz
Added Room: Name=LP_ECG_ECG-X01
Added Room: Name=LP_ECG_Main-X01
Added Room: Name=LP_ECG_Power-X01
