Removed Pin From Net: NetName=V_BATT Pin=J4-1
Removed Pin From Net: NetName=GND Pin=J4-2
Removed Pin From Net: NetName=VCC Pin=J5-1
Removed Pin From Net: NetName=GND Pin=J5-2
Removed Pin From Net: NetName=GND Pin=R12-1
Removed Pin From Net: NetName=GND Pin=R13-1
Removed Pin From Net: NetName=GND Pin=R14-1
Removed Pin From Net: NetName=NetJ3_1 Pin=R16-1
Removed Pin From Net: NetName=V_BATT Pin=U7-A1
Removed Pin From Net: NetName=GND Pin=U7-C2
Removed Member From Class: ClassName=LP_ECG_ECG-X01 Member=J2
Removed Member From Class: ClassName=LP_ECG_Power-X01 Member=J4
Removed Member From Class: ClassName=LP_ECG_Power-X01 Member=J5
Removed Member From Class: ClassName=LP_ECG_Power-X01 Member=R12
Removed Member From Class: ClassName=LP_ECG_Power-X01 Member=R13
Removed Member From Class: ClassName=LP_ECG_Power-X01 Member=R14
Removed Member From Class: ClassName=LP_ECG_Power-X01 Member=U7
Change Component Footprint: Designator=J2 Old Footprint=ECG_STUD New Footprint=battery_connector
Change Component Footprint: Designator=J3 Old Footprint=ECG_STUD New Footprint=ecg_connector
Change Component Footprint: Designator=J4 Old Footprint=JUMPER_BATTERY New Footprint=ecg_connector
Change Component Comment : Designator=J3 Old Comment=ECG_STUD_EYELET New Comment=ECG_SMD_CONNECTOR
Change Component Comment : Designator=J2 Old Comment=ECG_STUD_EYELET New Comment=SMD CONNECTOR FOR 40 mAh BATTERY
Change Component Comment : Designator=J4 Old Comment=JUMPER WITH 40 mAh BATTERY New Comment=ECG_SMD_CONNECTOR
Change Component Designator: OldDesignator=C13 NewDesignator=C23
Change Component Designator: OldDesignator=C14 NewDesignator=C24
Change Component Designator: OldDesignator=C18 NewDesignator=C13
Change Component Designator: OldDesignator=C19 NewDesignator=C14
Change Component Designator: OldDesignator=C20 NewDesignator=C15
Change Component Designator: OldDesignator=C34 NewDesignator=C16
Change Component Designator: OldDesignator=C35 NewDesignator=C17
Change Component Designator: OldDesignator=C36 NewDesignator=C18
Change Component Designator: OldDesignator=C37 NewDesignator=C19
Change Component Designator: OldDesignator=C38 NewDesignator=C20
Change Component Designator: OldDesignator=C39 NewDesignator=C21
Change Component Designator: OldDesignator=C40 NewDesignator=C22
Change Component Designator: OldDesignator=C41 NewDesignator=C25
Change Component Designator: OldDesignator=C42 NewDesignator=C26
Change Component Designator: OldDesignator=C43 NewDesignator=C27
Change Component Designator: OldDesignator=C44 NewDesignator=C28
Change Component Designator: OldDesignator=C45 NewDesignator=C29
Change Component Designator: OldDesignator=C46 NewDesignator=C30
Change Component Designator: OldDesignator=C47 NewDesignator=C31
Change Component Designator: OldDesignator=C48 NewDesignator=C32
Change Component Designator: OldDesignator=C49 NewDesignator=C33
Change Component Designator: OldDesignator=C50 NewDesignator=C34
Change Component Designator: OldDesignator=C51 NewDesignator=C35
Change Component Designator: OldDesignator=C52 NewDesignator=C36
Change Component Designator: OldDesignator=C53 NewDesignator=C37
Change Component Designator: OldDesignator=C54 NewDesignator=C38
Change Component Designator: OldDesignator=C55 NewDesignator=C39
Change Component Designator: OldDesignator=R2 NewDesignator=R4
Change Component Designator: OldDesignator=R3 NewDesignator=R2
Change Component Designator: OldDesignator=R4 NewDesignator=R5
Change Component Designator: OldDesignator=R5 NewDesignator=R3
Change Component Designator: OldDesignator=R10 NewDesignator=R6
Change Component Designator: OldDesignator=R11 NewDesignator=R7
Change Component Designator: OldDesignator=R15 NewDesignator=R11
Change Component Designator: OldDesignator=R16 NewDesignator=R12
Change Component Designator: OldDesignator=U4 NewDesignator=U3
Change Component Designator: OldDesignator=U5 NewDesignator=U4
Change Component Designator: OldDesignator=U6 NewDesignator=U5
Change Component Designator: OldDesignator=U8 NewDesignator=U7
Change Component Designator: OldDesignator=U9 NewDesignator=U8
Change Component Designator: OldDesignator=U10 NewDesignator=U9
Change Component Designator: OldDesignator=U11 NewDesignator=U10
Change component parameters: Designator = "J4" ("J4"); Footprint = "JUMPER_BATTERY"; UniqueID = "\GWSEFNBU" ("\GWSEFNBU")
Added Pin To Net: NetName=V_BATT Pin=J2-1
Added Pin To Net: NetName=GND Pin=J2-2
Added Pin To Net: NetName=VCC Pin=J2-3
Added Pin To Net: NetName=NetJ3_1 Pin=R11-1
Change Net Name : Old Net Name=NetC18_1 New Net Name=NetC13_1
Change Net Name : Old Net Name=NetC48_2 New Net Name=NetC32_2
Change Net Name : Old Net Name=NetC49_2 New Net Name=NetC33_2
Change Net Name : Old Net Name=NetC50_2 New Net Name=NetC34_2
Change Net Name : Old Net Name=NetC51_1 New Net Name=NetC35_1
Change Net Name : Old Net Name=NetC52_2 New Net Name=NetC36_2
Change Net Name : Old Net Name=NetC53_2 New Net Name=NetC37_2
Change Net Name : Old Net Name=NetC55_1 New Net Name=NetC39_1
Change Net Name : Old Net Name=NetC55_2 New Net Name=NetC39_2
Added Pin To Net: NetName=NetJ4_1 Pin=J4-1
Added Pin To Net: NetName=NetJ4_1 Pin=R12-1
Added Net: Name=NetJ4_1
Added Member To Class: ClassName=LP_ECG_Power-X01 Member=Component J2 SMD CONNECTOR FOR 40 mAh BATTERY
Added Member To Class: ClassName=LP_ECG_ECG-X01 Member=Component J4 ECG_SMD_CONNECTOR
