Removed Pin From Net: NetName=GND Pin=U5-A1
Removed Pin From Net: NetName=GND Pin=U5-A2
Removed Pin From Net: NetName=GND Pin=U5-A3
Removed Pin From Net: NetName=GND Pin=U5-A4
Removed Pin From Net: NetName=NetC4_1 Pin=U5-B1
Removed Pin From Net: NetName=NetC4_1 Pin=U5-B2
Removed Pin From Net: NetName=NetC3_1 Pin=U5-B3
Removed Pin From Net: NetName=NetC3_1 Pin=U5-B4
Removed Pin From Net: NetName=NetC4_2 Pin=U5-C1
Removed Pin From Net: NetName=NetC16_1 Pin=U5-C2
Removed Pin From Net: NetName=NetC16_1 Pin=U5-C3
Removed Pin From Net: NetName=NetC9_2 Pin=U5-C4
Removed Pin From Net: NetName=NetC20_2 Pin=U5-D1
Removed Pin From Net: NetName=NetC20_2 Pin=U5-D2
Removed Pin From Net: NetName=NetC20_2 Pin=U5-D3
Removed Pin From Net: NetName=NetC20_2 Pin=U5-D4
Removed Pin From Net: NetName=NetC5_2 Pin=U5-E1
Removed Pin From Net: NetName=NetC10_2 Pin=U5-E2
Removed Pin From Net: NetName=NetC3_2 Pin=U5-E3
Removed Pin From Net: NetName=NetC6_2 Pin=U5-E4
Removed Pin From Net: NetName=TS_CTRL Pin=U5-F1
Removed Pin From Net: NetName=NetR13_2 Pin=U5-F2
Removed Pin From Net: NetName=BLOCKING_FET_EN Pin=U5-F3
Removed Pin From Net: NetName=CHG_N Pin=U5-F4
Removed Pin From Net: NetName=NetR14_1 Pin=U5-G1
Removed Pin From Net: NetName=GND Pin=U5-G2
Removed Pin From Net: NetName=GND Pin=U5-G3
Removed Pin From Net: NetName=V_USB Pin=U5-G4
Removed Member From Class: ClassName=DB_Power-X01 Member=U5
Added Component: Designator=U16(RHL0020A_V)
Add component (AddParameter): Name = "Case/Package"; Value = "VQFN"; VariantName = "[No Variations]"
Add component (AddParameter): Name = "Category"; Value = "Power Management ICs"; VariantName = "[No Variations]"
Add component (AddParameter): Name = "ComponentLink1Description"; Value = "https://www.ti.com:443/lit/ds/symlink/bq51013b.pdf?src-supplier=IHS+Markit"; VariantName = "[No Variations]"
Add component (AddParameter): Name = "ComponentLink1URL"; Value = "https://www.ti.com:443/lit/ds/symlink/bq51013b.pdf?src-supplier=IHS+Markit"; VariantName = "[No Variations]"
Add component (AddParameter): Name = "ComponentLink2Description"; Value = "https://datasheet.ciiva.com/6601/bq51013b-6601292.pdf?src-supplier=Digi-Key"; VariantName = "[No Variations]"
Add component (AddParameter): Name = "ComponentLink2URL"; Value = "https://datasheet.ciiva.com/6601/bq51013b-6601292.pdf?src-supplier=Digi-Key"; VariantName = "[No Variations]"
Add component (AddParameter): Name = "Contact Plating"; Value = "Gold"; VariantName = "[No Variations]"
Add component (AddParameter): Name = "Lead Free"; Value = "Lead Free"; VariantName = "[No Variations]"
Add component (AddParameter): Name = "Logic Function"; Value = "Receiver"; VariantName = "[No Variations]"
Add component (AddParameter): Name = "Manufacturer"; Value = "Texas Instruments"; VariantName = "[No Variations]"
Add component (AddParameter): Name = "Manufacturer Part Number"; Value = "BQ51013BRHLR"; VariantName = "[No Variations]"
Add component (AddParameter): Name = "Max Operating Temperature"; Value = "125°C"; VariantName = "[No Variations]"
Add component (AddParameter): Name = "Min Operating Temperature"; Value = "0°C"; VariantName = "[No Variations]"
Add component (AddParameter): Name = "Mount"; Value = "Surface Mount"; VariantName = "[No Variations]"
Add component (AddParameter): Name = "Number of Pins"; Value = "20"; VariantName = "[No Variations]"
Add component (AddParameter): Name = "Operating Supply Current"; Value = "8mA"; VariantName = "[No Variations]"
Add component (AddParameter): Name = "Output Current"; Value = "1.5A"; VariantName = "[No Variations]"
Add component (AddParameter): Name = "Output Voltage"; Value = "5V"; VariantName = "[No Variations]"
Add component (AddParameter): Name = "Package Quantity"; Value = "3000"; VariantName = "[No Variations]"
Add component (AddParameter): Name = "Packaging"; Value = "Tape and Reel"; VariantName = "[No Variations]"
Add component (AddParameter): Name = "Pricing 1"; Value = "1=3.33000, 10=2.97000, 25=2.67320, 100=2.43540, 250=2.19780, 500=1.97208, 1000=1.66320 (USD)"; VariantName = "[No Variations]"
Add component (AddParameter): Name = "RoHS"; Value = "Yes"; VariantName = "[No Variations]"
Add component (AddParameter): Name = "Stock 1"; Value = "8882"; VariantName = "[No Variations]"
Add component (AddParameter): Name = "Supplier 1"; Value = "Digi-Key"; VariantName = "[No Variations]"
Add component (AddParameter): Name = "Supplier Part Number 1"; Value = "296-38885-1-ND"; VariantName = "[No Variations]"
Added Pin To Net: NetName=GND Pin=U16-1
Added Pin To Net: NetName=NetC3_1 Pin=U16-2
Added Pin To Net: NetName=NetC9_2 Pin=U16-3
Added Pin To Net: NetName=NetC20_2 Pin=U16-4
Added Pin To Net: NetName=NetC3_2 Pin=U16-5
Added Pin To Net: NetName=NetC6_2 Pin=U16-6
Added Pin To Net: NetName=CHG_N Pin=U16-7
Added Pin To Net: NetName=BLOCKING_FET_EN Pin=U16-8
Added Pin To Net: NetName=V_USB Pin=U16-9
Added Pin To Net: NetName=GND Pin=U16-10
Added Pin To Net: NetName=GND Pin=U16-11
Added Pin To Net: NetName=NetR14_1 Pin=U16-12
Added Pin To Net: NetName=TS_CTRL Pin=U16-13
Added Pin To Net: NetName=NetR13_2 Pin=U16-14
Added Pin To Net: NetName=NetC5_2 Pin=U16-15
Added Pin To Net: NetName=NetC10_2 Pin=U16-16
Added Pin To Net: NetName=NetC4_2 Pin=U16-17
Added Pin To Net: NetName=NetC16_1 Pin=U16-18
Added Pin To Net: NetName=NetC4_1 Pin=U16-19
Added Pin To Net: NetName=GND Pin=U16-20
Added Pin To Net: NetName=GND Pin=U16-21
Added Member To Class: ClassName=DB_Power-X01 Member=Component U16 BQ51013BRHLR
